Using pre-set license
Built from '2021.1/release' branch; Version is '2021.1.4f1 (4cd64a618c1b) revision 5035594'; Using compiler version '192528614'; Build Type 'Release'
OS: 'Windows 10 Enterprise LTSC 2019; OS build 17763.2183; Version 1809; 64bit' Language: 'ru' Physical Memory: 16324 MB
BatchMode: 1, IsHumanControllingUs: 0, StartBugReporterOnCrash: 0, Is64bit: 1, IsPro: 0

 COMMAND LINE ARGUMENTS:
E:\Program Files (x86)\Unity\2021.1.4f1\Editor\Unity.exe
-adb2
-batchMode
-noUpm
-name
AssetImportWorker0
-projectPath
G:/GitRepos/Health Slider
-logFile
Logs/AssetImportWorker0.log
-srvPort
61267
Successfully changed project path to: G:/GitRepos/Health Slider
G:/GitRepos/Health Slider
Using Asset Import Pipeline V2.
Refreshing native plugins compatible for Editor in 78.22 ms, found 2 plugins.
Preloading 0 native plugins for Editor in 0.00 ms.
Initialize engine version: 2021.1.4f1 (4cd64a618c1b)
[Subsystems] Discovering subsystems at path E:/Program Files (x86)/Unity/2021.1.4f1/Editor/Data/Resources/UnitySubsystems
[Subsystems] Discovering subsystems at path G:/GitRepos/Health Slider/Assets
GfxDevice: creating device client; threaded=0; jobified=0
Direct3D:
    Version:  Direct3D 11.0 [level 11.1]
    Renderer: NVIDIA GeForce GTX 1070 (ID=0x1b81)
    Vendor:   NVIDIA
    VRAM:     8088 MB
    Driver:   30.0.14.7196
Initialize mono
Mono path[0] = 'E:/Program Files (x86)/Unity/2021.1.4f1/Editor/Data/Managed'
Mono path[1] = 'E:/Program Files (x86)/Unity/2021.1.4f1/Editor/Data/MonoBleedingEdge/lib/mono/unityjit'
Mono config path = 'E:/Program Files (x86)/Unity/2021.1.4f1/Editor/Data/MonoBleedingEdge/etc'
Using monoOptions --debugger-agent=transport=dt_socket,embedding=1,server=y,suspend=n,address=127.0.0.1:56948
Begin MonoManager ReloadAssembly
Registering precompiled unity dll's ...
Register platform support module: E:/Program Files (x86)/Unity/2021.1.4f1/Editor/Data/PlaybackEngines/WindowsStandaloneSupport/UnityEditor.WindowsStandalone.Extensions.dll
Registered in 0.001018 seconds.
Native extension for WindowsStandalone target not found
Refreshing native plugins compatible for Editor in 87.24 ms, found 2 plugins.
Preloading 0 native plugins for Editor in 0.00 ms.
Mono: successfully reloaded assembly
- Completed reload, in  1.947 seconds
Platform modules already initialized, skipping
Registering precompiled user dll's ...
Registered in 0.004000 seconds.
Begin MonoManager ReloadAssembly
Native extension for WindowsStandalone target not found
Refreshing native plugins compatible for Editor in 81.26 ms, found 2 plugins.
Preloading 0 native plugins for Editor in 0.00 ms.
Mono: successfully reloaded assembly
- Completed reload, in  1.062 seconds
Platform modules already initialized, skipping
========================================================================
Worker process is ready to serve import requests
Launched and connected shader compiler UnityShaderCompiler.exe after 0.04 seconds
Refreshing native plugins compatible for Editor in 0.56 ms, found 2 plugins.
Preloading 0 native plugins for Editor in 0.00 ms.
Unloading 3379 Unused Serialized files (Serialized files now loaded: 0)
System memory in use before: 128.2 MB.
System memory in use after: 128.3 MB.

Unloading 31 unused Assets to reduce memory usage. Loaded Objects now: 3835.
Total: 2.548800 ms (FindLiveObjects: 0.283600 ms CreateObjectMapping: 0.245700 ms MarkObjects: 1.909800 ms  DeleteObjects: 0.108700 ms)

========================================================================
Received Import Request.
  path: Assets/Scripts
  artifactKey: Guid(163b58e69a3b2b0458a2773f5244bfa5) Importer(815301076,1909f56bfc062723c751e8b465ee728b)
Start importing Assets/Scripts using Guid(163b58e69a3b2b0458a2773f5244bfa5) Importer(815301076,1909f56bfc062723c751e8b465ee728b)  -> (artifact id: '72b06d1f4f09c2e8f627dd31c104ddc9') in 0.004947 seconds 
========================================================================
Received Import Request.
  Time since last request: 4.983674 seconds.
  path: Assets/Scripts/Player.cs
  artifactKey: Guid(3eb47a3f257a991408ebf66b3c4c760f) Importer(815301076,1909f56bfc062723c751e8b465ee728b)
Start importing Assets/Scripts/Player.cs using Guid(3eb47a3f257a991408ebf66b3c4c760f) Importer(815301076,1909f56bfc062723c751e8b465ee728b)  -> (artifact id: '2d8f885547379be5a3c90252448cec7c') in 0.033134 seconds 
========================================================================
Received Prepare
Registering precompiled user dll's ...
Registered in 0.003900 seconds.
Begin MonoManager ReloadAssembly
Native extension for WindowsStandalone target not found
Refreshing native plugins compatible for Editor in 0.63 ms, found 2 plugins.
Preloading 0 native plugins for Editor in 0.00 ms.
Mono: successfully reloaded assembly
- Completed reload, in  1.199 seconds
Platform modules already initialized, skipping
Refreshing native plugins compatible for Editor in 0.66 ms, found 2 plugins.
Preloading 0 native plugins for Editor in 0.00 ms.
Unloading 3375 Unused Serialized files (Serialized files now loaded: 0)
System memory in use before: 128.2 MB.
System memory in use after: 128.3 MB.

Unloading 19 unused Assets to reduce memory usage. Loaded Objects now: 3840.
Total: 3.291000 ms (FindLiveObjects: 0.409100 ms CreateObjectMapping: 0.279000 ms MarkObjects: 2.484900 ms  DeleteObjects: 0.116800 ms)

========================================================================
Received Prepare
Registering precompiled user dll's ...
Registered in 0.003782 seconds.
Begin MonoManager ReloadAssembly
Native extension for WindowsStandalone target not found
Refreshing native plugins compatible for Editor in 0.60 ms, found 2 plugins.
Preloading 0 native plugins for Editor in 0.00 ms.
Mono: successfully reloaded assembly
- Completed reload, in  0.936 seconds
Platform modules already initialized, skipping
Refreshing native plugins compatible for Editor in 0.58 ms, found 2 plugins.
Preloading 0 native plugins for Editor in 0.00 ms.
Unloading 3375 Unused Serialized files (Serialized files now loaded: 0)
System memory in use before: 128.3 MB.
System memory in use after: 128.4 MB.

Unloading 19 unused Assets to reduce memory usage. Loaded Objects now: 3844.
Total: 3.107800 ms (FindLiveObjects: 0.295100 ms CreateObjectMapping: 0.263300 ms MarkObjects: 2.455600 ms  DeleteObjects: 0.092800 ms)

========================================================================
Received Import Request.
  Time since last request: 66.745472 seconds.
  path: Assets/Scripts/Player.cs
  artifactKey: Guid(3eb47a3f257a991408ebf66b3c4c760f) Importer(815301076,1909f56bfc062723c751e8b465ee728b)
Start importing Assets/Scripts/Player.cs using Guid(3eb47a3f257a991408ebf66b3c4c760f) Importer(815301076,1909f56bfc062723c751e8b465ee728b)  -> (artifact id: 'a8878e70654a91b2d3f42f53d5d774c4') in 0.005143 seconds 
========================================================================
Received Prepare
Registering precompiled user dll's ...
Registered in 0.004032 seconds.
Begin MonoManager ReloadAssembly
Native extension for WindowsStandalone target not found
Refreshing native plugins compatible for Editor in 0.58 ms, found 2 plugins.
Preloading 0 native plugins for Editor in 0.00 ms.
Mono: successfully reloaded assembly
- Completed reload, in  0.989 seconds
Platform modules already initialized, skipping
Refreshing native plugins compatible for Editor in 0.65 ms, found 2 plugins.
Preloading 0 native plugins for Editor in 0.00 ms.
Unloading 3375 Unused Serialized files (Serialized files now loaded: 0)
System memory in use before: 128.3 MB.
System memory in use after: 128.4 MB.

Unloading 19 unused Assets to reduce memory usage. Loaded Objects now: 3848.
Total: 2.706500 ms (FindLiveObjects: 0.316800 ms CreateObjectMapping: 0.279800 ms MarkObjects: 2.023600 ms  DeleteObjects: 0.085300 ms)

========================================================================
Received Prepare
Registering precompiled user dll's ...
Registered in 0.004926 seconds.
Begin MonoManager ReloadAssembly
Native extension for WindowsStandalone target not found
Refreshing native plugins compatible for Editor in 0.63 ms, found 2 plugins.
Preloading 0 native plugins for Editor in 0.00 ms.
Mono: successfully reloaded assembly
- Completed reload, in  0.943 seconds
Platform modules already initialized, skipping
Refreshing native plugins compatible for Editor in 0.56 ms, found 2 plugins.
Preloading 0 native plugins for Editor in 0.00 ms.
Unloading 3375 Unused Serialized files (Serialized files now loaded: 0)
System memory in use before: 128.3 MB.
System memory in use after: 128.4 MB.

Unloading 19 unused Assets to reduce memory usage. Loaded Objects now: 3852.
Total: 2.549400 ms (FindLiveObjects: 0.273600 ms CreateObjectMapping: 0.292200 ms MarkObjects: 1.893900 ms  DeleteObjects: 0.088900 ms)

========================================================================
Received Import Request.
  Time since last request: 299.237582 seconds.
  path: Assets/Scripts/HealthBar.cs
  artifactKey: Guid(e2d68617d1974874ca505d60b15b3a02) Importer(815301076,1909f56bfc062723c751e8b465ee728b)
Start importing Assets/Scripts/HealthBar.cs using Guid(e2d68617d1974874ca505d60b15b3a02) Importer(815301076,1909f56bfc062723c751e8b465ee728b)  -> (artifact id: '9ca378bca6e5789cd3cce8963d3ce0d7') in 0.007005 seconds 
========================================================================
Received Prepare
Registering precompiled user dll's ...
Registered in 0.003880 seconds.
Begin MonoManager ReloadAssembly
Native extension for WindowsStandalone target not found
Refreshing native plugins compatible for Editor in 0.59 ms, found 2 plugins.
Preloading 0 native plugins for Editor in 0.00 ms.
Mono: successfully reloaded assembly
- Completed reload, in  0.994 seconds
Platform modules already initialized, skipping
Refreshing native plugins compatible for Editor in 0.58 ms, found 2 plugins.
Preloading 0 native plugins for Editor in 0.00 ms.
Unloading 3376 Unused Serialized files (Serialized files now loaded: 0)
System memory in use before: 128.4 MB.
System memory in use after: 128.5 MB.

Unloading 19 unused Assets to reduce memory usage. Loaded Objects now: 3857.
Total: 2.667400 ms (FindLiveObjects: 0.309700 ms CreateObjectMapping: 0.293200 ms MarkObjects: 1.972700 ms  DeleteObjects: 0.091100 ms)

========================================================================
Received Prepare
Registering precompiled user dll's ...
Registered in 0.004038 seconds.
Begin MonoManager ReloadAssembly
Native extension for WindowsStandalone target not found
Refreshing native plugins compatible for Editor in 0.58 ms, found 2 plugins.
Preloading 0 native plugins for Editor in 0.00 ms.
Mono: successfully reloaded assembly
- Completed reload, in  0.976 seconds
Platform modules already initialized, skipping
Refreshing native plugins compatible for Editor in 0.59 ms, found 2 plugins.
Preloading 0 native plugins for Editor in 0.00 ms.
Unloading 3376 Unused Serialized files (Serialized files now loaded: 0)
System memory in use before: 128.4 MB.
System memory in use after: 128.5 MB.

Unloading 19 unused Assets to reduce memory usage. Loaded Objects now: 3861.
Total: 2.657500 ms (FindLiveObjects: 0.309500 ms CreateObjectMapping: 0.272000 ms MarkObjects: 1.984900 ms  DeleteObjects: 0.090500 ms)

========================================================================
Received Prepare
Registering precompiled user dll's ...
Registered in 0.003983 seconds.
Begin MonoManager ReloadAssembly
Native extension for WindowsStandalone target not found
Refreshing native plugins compatible for Editor in 0.58 ms, found 2 plugins.
Preloading 0 native plugins for Editor in 0.00 ms.
Mono: successfully reloaded assembly
- Completed reload, in  0.934 seconds
Platform modules already initialized, skipping
Refreshing native plugins compatible for Editor in 0.58 ms, found 2 plugins.
Preloading 0 native plugins for Editor in 0.00 ms.
Unloading 3376 Unused Serialized files (Serialized files now loaded: 0)
System memory in use before: 128.4 MB.
System memory in use after: 128.5 MB.

Unloading 19 unused Assets to reduce memory usage. Loaded Objects now: 3865.
Total: 2.807300 ms (FindLiveObjects: 0.291300 ms CreateObjectMapping: 0.267500 ms MarkObjects: 2.160600 ms  DeleteObjects: 0.087100 ms)

========================================================================
Received Prepare
Registering precompiled user dll's ...
Registered in 0.004064 seconds.
Begin MonoManager ReloadAssembly
Native extension for WindowsStandalone target not found
Refreshing native plugins compatible for Editor in 0.58 ms, found 2 plugins.
Preloading 0 native plugins for Editor in 0.00 ms.
Mono: successfully reloaded assembly
- Completed reload, in  0.935 seconds
Platform modules already initialized, skipping
Refreshing native plugins compatible for Editor in 0.81 ms, found 2 plugins.
Preloading 0 native plugins for Editor in 0.00 ms.
Unloading 3376 Unused Serialized files (Serialized files now loaded: 0)
System memory in use before: 128.4 MB.
System memory in use after: 128.5 MB.

Unloading 19 unused Assets to reduce memory usage. Loaded Objects now: 3869.
Total: 2.755300 ms (FindLiveObjects: 0.307800 ms CreateObjectMapping: 0.275600 ms MarkObjects: 2.073900 ms  DeleteObjects: 0.097200 ms)

========================================================================
Received Prepare
Registering precompiled user dll's ...
Registered in 0.004041 seconds.
Begin MonoManager ReloadAssembly
Native extension for WindowsStandalone target not found
Refreshing native plugins compatible for Editor in 0.62 ms, found 2 plugins.
Preloading 0 native plugins for Editor in 0.00 ms.
Mono: successfully reloaded assembly
- Completed reload, in  0.964 seconds
Platform modules already initialized, skipping
Refreshing native plugins compatible for Editor in 0.58 ms, found 2 plugins.
Preloading 0 native plugins for Editor in 0.00 ms.
Unloading 3376 Unused Serialized files (Serialized files now loaded: 0)
System memory in use before: 128.4 MB.
System memory in use after: 128.5 MB.

Unloading 19 unused Assets to reduce memory usage. Loaded Objects now: 3873.
Total: 3.369100 ms (FindLiveObjects: 0.334500 ms CreateObjectMapping: 0.312500 ms MarkObjects: 2.628600 ms  DeleteObjects: 0.092600 ms)

========================================================================
Received Prepare
Registering precompiled user dll's ...
Registered in 0.004012 seconds.
Begin MonoManager ReloadAssembly
Native extension for WindowsStandalone target not found
Refreshing native plugins compatible for Editor in 0.56 ms, found 2 plugins.
Preloading 0 native plugins for Editor in 0.00 ms.
Mono: successfully reloaded assembly
- Completed reload, in  0.961 seconds
Platform modules already initialized, skipping
Refreshing native plugins compatible for Editor in 0.58 ms, found 2 plugins.
Preloading 0 native plugins for Editor in 0.00 ms.
Unloading 3376 Unused Serialized files (Serialized files now loaded: 0)
System memory in use before: 128.4 MB.
System memory in use after: 128.5 MB.

Unloading 19 unused Assets to reduce memory usage. Loaded Objects now: 3877.
Total: 2.686200 ms (FindLiveObjects: 0.307900 ms CreateObjectMapping: 0.279200 ms MarkObjects: 2.006400 ms  DeleteObjects: 0.092000 ms)

========================================================================
Received Prepare
Registering precompiled user dll's ...
Registered in 0.005149 seconds.
Begin MonoManager ReloadAssembly
Native extension for WindowsStandalone target not found
Refreshing native plugins compatible for Editor in 0.60 ms, found 2 plugins.
Preloading 0 native plugins for Editor in 0.00 ms.
Mono: successfully reloaded assembly
- Completed reload, in  0.907 seconds
Platform modules already initialized, skipping
Refreshing native plugins compatible for Editor in 0.58 ms, found 2 plugins.
Preloading 0 native plugins for Editor in 0.00 ms.
Unloading 3376 Unused Serialized files (Serialized files now loaded: 0)
System memory in use before: 128.4 MB.
System memory in use after: 128.5 MB.

Unloading 19 unused Assets to reduce memory usage. Loaded Objects now: 3881.
Total: 2.614900 ms (FindLiveObjects: 0.282300 ms CreateObjectMapping: 0.280600 ms MarkObjects: 1.960100 ms  DeleteObjects: 0.091100 ms)

========================================================================
Received Import Request.
  Time since last request: 2428.294507 seconds.
  path: Assets/Sprites/whit hp bar.png
  artifactKey: Guid(21c330226db935a4b80e87a96d32468f) Importer(815301076,1909f56bfc062723c751e8b465ee728b)
Start importing Assets/Sprites/whit hp bar.png using Guid(21c330226db935a4b80e87a96d32468f) Importer(815301076,1909f56bfc062723c751e8b465ee728b)  -> (artifact id: '692d8f68a55cdde870c557fbfeb5fd2c') in 0.189591 seconds 
========================================================================
Received Import Request.
  Time since last request: 2.416414 seconds.
  path: Assets/Sprites/white hp bar.png
  artifactKey: Guid(21c330226db935a4b80e87a96d32468f) Importer(815301076,1909f56bfc062723c751e8b465ee728b)
Start importing Assets/Sprites/white hp bar.png using Guid(21c330226db935a4b80e87a96d32468f) Importer(815301076,1909f56bfc062723c751e8b465ee728b)  -> (artifact id: '55d1b86ba98d54cc168c3d8594b2fa58') in 0.008675 seconds 
========================================================================
Received Prepare
Registering precompiled user dll's ...
Registered in 0.003808 seconds.
Begin MonoManager ReloadAssembly
Native extension for WindowsStandalone target not found
Refreshing native plugins compatible for Editor in 0.60 ms, found 2 plugins.
Preloading 0 native plugins for Editor in 0.00 ms.
Mono: successfully reloaded assembly
- Completed reload, in  0.980 seconds
Platform modules already initialized, skipping
Refreshing native plugins compatible for Editor in 0.59 ms, found 2 plugins.
Preloading 0 native plugins for Editor in 0.00 ms.
Unloading 3377 Unused Serialized files (Serialized files now loaded: 0)
System memory in use before: 133.0 MB.
System memory in use after: 133.1 MB.

Unloading 19 unused Assets to reduce memory usage. Loaded Objects now: 3920.
Total: 2.762900 ms (FindLiveObjects: 0.317700 ms CreateObjectMapping: 0.260000 ms MarkObjects: 2.086900 ms  DeleteObjects: 0.097300 ms)

========================================================================
Received Import Request.
  Time since last request: 522.721034 seconds.
  path: Assets/Sprites/Player/alienGreen_stand.png
  artifactKey: Guid(2a9fb5eab6043824bbd6d3d3da7954cf) Importer(815301076,1909f56bfc062723c751e8b465ee728b)
Start importing Assets/Sprites/Player/alienGreen_stand.png using Guid(2a9fb5eab6043824bbd6d3d3da7954cf) Importer(815301076,1909f56bfc062723c751e8b465ee728b)  -> (artifact id: 'ecb0f06f039a033d8b3989254dc130a4') in 0.043793 seconds 
========================================================================
Received Import Request.
  Time since last request: 70.930818 seconds.
  path: Assets/Sprites/Player/alienGreen_stand.png
  artifactKey: Guid(2a9fb5eab6043824bbd6d3d3da7954cf) Importer(815301076,1909f56bfc062723c751e8b465ee728b)
Start importing Assets/Sprites/Player/alienGreen_stand.png using Guid(2a9fb5eab6043824bbd6d3d3da7954cf) Importer(815301076,1909f56bfc062723c751e8b465ee728b)  -> (artifact id: '51bdd6de55524e8467ec7ee358b4cc8c') in 0.026379 seconds 
========================================================================
Received Prepare
Registering precompiled user dll's ...
Registered in 0.004129 seconds.
Begin MonoManager ReloadAssembly
Native extension for WindowsStandalone target not found
Refreshing native plugins compatible for Editor in 0.58 ms, found 2 plugins.
Preloading 0 native plugins for Editor in 0.00 ms.
Mono: successfully reloaded assembly
- Completed reload, in  0.922 seconds
Platform modules already initialized, skipping
Refreshing native plugins compatible for Editor in 0.58 ms, found 2 plugins.
Preloading 0 native plugins for Editor in 0.00 ms.
Unloading 3377 Unused Serialized files (Serialized files now loaded: 0)
System memory in use before: 133.9 MB.
System memory in use after: 134.0 MB.

Unloading 19 unused Assets to reduce memory usage. Loaded Objects now: 3957.
Total: 2.660800 ms (FindLiveObjects: 0.287100 ms CreateObjectMapping: 0.260200 ms MarkObjects: 2.022600 ms  DeleteObjects: 0.090000 ms)

========================================================================
Received Prepare
Registering precompiled user dll's ...
Registered in 0.003951 seconds.
Begin MonoManager ReloadAssembly
Native extension for WindowsStandalone target not found
Refreshing native plugins compatible for Editor in 0.59 ms, found 2 plugins.
Preloading 0 native plugins for Editor in 0.00 ms.
Mono: successfully reloaded assembly
- Completed reload, in  0.974 seconds
Platform modules already initialized, skipping
Refreshing native plugins compatible for Editor in 0.73 ms, found 2 plugins.
Preloading 0 native plugins for Editor in 0.00 ms.
Unloading 3376 Unused Serialized files (Serialized files now loaded: 0)
System memory in use before: 133.8 MB.
System memory in use after: 133.9 MB.

Unloading 19 unused Assets to reduce memory usage. Loaded Objects now: 3961.
Total: 2.755300 ms (FindLiveObjects: 0.318700 ms CreateObjectMapping: 0.283400 ms MarkObjects: 2.058300 ms  DeleteObjects: 0.093200 ms)

========================================================================
Received Prepare
Registering precompiled user dll's ...
Registered in 0.004877 seconds.
Begin MonoManager ReloadAssembly
Native extension for WindowsStandalone target not found
Refreshing native plugins compatible for Editor in 0.58 ms, found 2 plugins.
Preloading 0 native plugins for Editor in 0.00 ms.
Mono: successfully reloaded assembly
- Completed reload, in  0.916 seconds
Platform modules already initialized, skipping
Refreshing native plugins compatible for Editor in 0.64 ms, found 2 plugins.
Preloading 0 native plugins for Editor in 0.00 ms.
Unloading 3376 Unused Serialized files (Serialized files now loaded: 0)
System memory in use before: 133.9 MB.
System memory in use after: 134.0 MB.

Unloading 19 unused Assets to reduce memory usage. Loaded Objects now: 3965.
Total: 2.644200 ms (FindLiveObjects: 0.331900 ms CreateObjectMapping: 0.267000 ms MarkObjects: 1.956400 ms  DeleteObjects: 0.088200 ms)

========================================================================
Received Import Request.
  Time since last request: 2696.057926 seconds.
  path: Assets/Sprites/grey_sliderDown.png
  artifactKey: Guid(0aad17bdb64b67f40809c3f31367ac0b) Importer(815301076,1909f56bfc062723c751e8b465ee728b)
Start importing Assets/Sprites/grey_sliderDown.png using Guid(0aad17bdb64b67f40809c3f31367ac0b) Importer(815301076,1909f56bfc062723c751e8b465ee728b)  -> (artifact id: 'c5eec820182453aebad08913a0ff6942') in 0.062408 seconds 
========================================================================
Received Import Request.
  Time since last request: 0.556834 seconds.
  path: Assets/Sprites/grey_sliderUp.png
  artifactKey: Guid(6a4e1e0b6a0d34d41adb57ce03dd3595) Importer(815301076,1909f56bfc062723c751e8b465ee728b)
Start importing Assets/Sprites/grey_sliderUp.png using Guid(6a4e1e0b6a0d34d41adb57ce03dd3595) Importer(815301076,1909f56bfc062723c751e8b465ee728b)  -> (artifact id: 'a115fc6c5f881e2a1e1b8e3cab6e5a7b') in 0.012733 seconds 
========================================================================
Received Prepare
Registering precompiled user dll's ...
Registered in 0.003975 seconds.
Begin MonoManager ReloadAssembly
Native extension for WindowsStandalone target not found
Refreshing native plugins compatible for Editor in 0.62 ms, found 2 plugins.
Preloading 0 native plugins for Editor in 0.00 ms.
Mono: successfully reloaded assembly
- Completed reload, in  1.032 seconds
Platform modules already initialized, skipping
Refreshing native plugins compatible for Editor in 0.59 ms, found 2 plugins.
Preloading 0 native plugins for Editor in 0.00 ms.
Unloading 3391 Unused Serialized files (Serialized files now loaded: 0)
System memory in use before: 136.8 MB.
System memory in use after: 136.2 MB.

Unloading 32 unused Assets to reduce memory usage. Loaded Objects now: 4002.
Total: 2.845800 ms (FindLiveObjects: 0.313300 ms CreateObjectMapping: 0.252000 ms MarkObjects: 1.972800 ms  DeleteObjects: 0.306900 ms)

========================================================================
Received Prepare
Registering precompiled user dll's ...
Registered in 0.003766 seconds.
Begin MonoManager ReloadAssembly
Native extension for WindowsStandalone target not found
Refreshing native plugins compatible for Editor in 0.58 ms, found 2 plugins.
Preloading 0 native plugins for Editor in 0.00 ms.
Mono: successfully reloaded assembly
- Completed reload, in  0.949 seconds
Platform modules already initialized, skipping
Refreshing native plugins compatible for Editor in 0.63 ms, found 2 plugins.
Preloading 0 native plugins for Editor in 0.00 ms.
Unloading 3389 Unused Serialized files (Serialized files now loaded: 0)
System memory in use before: 136.7 MB.
System memory in use after: 136.1 MB.

Unloading 32 unused Assets to reduce memory usage. Loaded Objects now: 4006.
Total: 3.917100 ms (FindLiveObjects: 0.350900 ms CreateObjectMapping: 0.283800 ms MarkObjects: 2.831600 ms  DeleteObjects: 0.449700 ms)

========================================================================
Received Prepare
Registering precompiled user dll's ...
Registered in 0.004850 seconds.
Begin MonoManager ReloadAssembly
Native extension for WindowsStandalone target not found
Refreshing native plugins compatible for Editor in 0.58 ms, found 2 plugins.
Preloading 0 native plugins for Editor in 0.00 ms.
Mono: successfully reloaded assembly
- Completed reload, in  0.966 seconds
Platform modules already initialized, skipping
Refreshing native plugins compatible for Editor in 0.63 ms, found 2 plugins.
Preloading 0 native plugins for Editor in 0.00 ms.
Unloading 3389 Unused Serialized files (Serialized files now loaded: 0)
System memory in use before: 136.7 MB.
System memory in use after: 136.1 MB.

Unloading 32 unused Assets to reduce memory usage. Loaded Objects now: 4010.
Total: 2.853000 ms (FindLiveObjects: 0.293600 ms CreateObjectMapping: 0.246100 ms MarkObjects: 1.996800 ms  DeleteObjects: 0.315600 ms)

========================================================================
Received Prepare
Registering precompiled user dll's ...
Registered in 0.004832 seconds.
Begin MonoManager ReloadAssembly
Native extension for WindowsStandalone target not found
Refreshing native plugins compatible for Editor in 0.60 ms, found 2 plugins.
Preloading 0 native plugins for Editor in 0.00 ms.
Mono: successfully reloaded assembly
- Completed reload, in  0.975 seconds
Platform modules already initialized, skipping
Refreshing native plugins compatible for Editor in 0.57 ms, found 2 plugins.
Preloading 0 native plugins for Editor in 0.00 ms.
Unloading 3389 Unused Serialized files (Serialized files now loaded: 0)
System memory in use before: 136.7 MB.
System memory in use after: 136.2 MB.

Unloading 32 unused Assets to reduce memory usage. Loaded Objects now: 4014.
Total: 2.991200 ms (FindLiveObjects: 0.327700 ms CreateObjectMapping: 0.307300 ms MarkObjects: 2.053800 ms  DeleteObjects: 0.301600 ms)

========================================================================
Received Prepare
Registering precompiled user dll's ...
Registered in 0.003840 seconds.
Begin MonoManager ReloadAssembly
Native extension for WindowsStandalone target not found
Refreshing native plugins compatible for Editor in 0.95 ms, found 2 plugins.
Preloading 0 native plugins for Editor in 0.00 ms.
Mono: successfully reloaded assembly
- Completed reload, in  0.925 seconds
Platform modules already initialized, skipping
Refreshing native plugins compatible for Editor in 0.61 ms, found 2 plugins.
Preloading 0 native plugins for Editor in 0.00 ms.
Unloading 3389 Unused Serialized files (Serialized files now loaded: 0)
System memory in use before: 136.7 MB.
System memory in use after: 136.2 MB.

Unloading 32 unused Assets to reduce memory usage. Loaded Objects now: 4018.
Total: 2.946700 ms (FindLiveObjects: 0.326000 ms CreateObjectMapping: 0.289400 ms MarkObjects: 2.025400 ms  DeleteObjects: 0.305000 ms)

========================================================================
Received Prepare
Registering precompiled user dll's ...
Registered in 0.004200 seconds.
Begin MonoManager ReloadAssembly
Native extension for WindowsStandalone target not found
Refreshing native plugins compatible for Editor in 0.59 ms, found 2 plugins.
Preloading 0 native plugins for Editor in 0.00 ms.
Mono: successfully reloaded assembly
- Completed reload, in  0.903 seconds
Platform modules already initialized, skipping
Refreshing native plugins compatible for Editor in 0.60 ms, found 2 plugins.
Preloading 0 native plugins for Editor in 0.00 ms.
Unloading 3389 Unused Serialized files (Serialized files now loaded: 0)
System memory in use before: 136.7 MB.
System memory in use after: 136.2 MB.

Unloading 32 unused Assets to reduce memory usage. Loaded Objects now: 4022.
Total: 3.012000 ms (FindLiveObjects: 0.303100 ms CreateObjectMapping: 0.251300 ms MarkObjects: 2.163300 ms  DeleteObjects: 0.293800 ms)

========================================================================
Received Import Request.
  Time since last request: 2711.567498 seconds.
  path: Assets/Scripts/HealthChanger.cs
  artifactKey: Guid(8218fb51fce225242987fe34a12cf2b8) Importer(815301076,1909f56bfc062723c751e8b465ee728b)
Start importing Assets/Scripts/HealthChanger.cs using Guid(8218fb51fce225242987fe34a12cf2b8) Importer(815301076,1909f56bfc062723c751e8b465ee728b)  -> (artifact id: 'd754cf7cf83dc8b3e8d1105daad08d90') in 0.007358 seconds 
========================================================================
Received Import Request.
  Time since last request: 670.715493 seconds.
  path: Assets/Scripts/HealthChanger.cs
  artifactKey: Guid(8218fb51fce225242987fe34a12cf2b8) Importer(815301076,1909f56bfc062723c751e8b465ee728b)
Start importing Assets/Scripts/HealthChanger.cs using Guid(8218fb51fce225242987fe34a12cf2b8) Importer(815301076,1909f56bfc062723c751e8b465ee728b)  -> (artifact id: 'c79728ec65f8b015435799756f76983a') in 0.003555 seconds 
========================================================================
Received Prepare
Registering precompiled user dll's ...
Registered in 0.003991 seconds.
Begin MonoManager ReloadAssembly
Native extension for WindowsStandalone target not found
Refreshing native plugins compatible for Editor in 0.63 ms, found 2 plugins.
Preloading 0 native plugins for Editor in 0.00 ms.
Mono: successfully reloaded assembly
- Completed reload, in  0.959 seconds
Platform modules already initialized, skipping
Refreshing native plugins compatible for Editor in 0.60 ms, found 2 plugins.
Preloading 0 native plugins for Editor in 0.00 ms.
Unloading 3390 Unused Serialized files (Serialized files now loaded: 0)
System memory in use before: 136.8 MB.
System memory in use after: 136.2 MB.

Unloading 32 unused Assets to reduce memory usage. Loaded Objects now: 4027.
Total: 2.962800 ms (FindLiveObjects: 0.317600 ms CreateObjectMapping: 0.264800 ms MarkObjects: 2.072900 ms  DeleteObjects: 0.306600 ms)

========================================================================
Received Prepare
Registering precompiled user dll's ...
Registered in 0.003765 seconds.
Begin MonoManager ReloadAssembly
Native extension for WindowsStandalone target not found
Refreshing native plugins compatible for Editor in 0.59 ms, found 2 plugins.
Preloading 0 native plugins for Editor in 0.00 ms.
Mono: successfully reloaded assembly
- Completed reload, in  0.970 seconds
Platform modules already initialized, skipping
Refreshing native plugins compatible for Editor in 0.58 ms, found 2 plugins.
Preloading 0 native plugins for Editor in 0.00 ms.
Unloading 3390 Unused Serialized files (Serialized files now loaded: 0)
System memory in use before: 136.8 MB.
System memory in use after: 136.2 MB.

Unloading 32 unused Assets to reduce memory usage. Loaded Objects now: 4031.
Total: 3.139400 ms (FindLiveObjects: 0.360700 ms CreateObjectMapping: 0.281100 ms MarkObjects: 2.165500 ms  DeleteObjects: 0.330900 ms)

========================================================================
Received Import Request.
  Time since last request: 266.708729 seconds.
  path: Assets/Scripts/HealthChanger.cs
  artifactKey: Guid(8218fb51fce225242987fe34a12cf2b8) Importer(815301076,1909f56bfc062723c751e8b465ee728b)
Start importing Assets/Scripts/HealthChanger.cs using Guid(8218fb51fce225242987fe34a12cf2b8) Importer(815301076,1909f56bfc062723c751e8b465ee728b)  -> (artifact id: '8024c83ce1a22ca85d3980bcac93086c') in 0.005439 seconds 
========================================================================
Received Prepare
Registering precompiled user dll's ...
Registered in 0.003741 seconds.
Begin MonoManager ReloadAssembly
Native extension for WindowsStandalone target not found
Refreshing native plugins compatible for Editor in 0.61 ms, found 2 plugins.
Preloading 0 native plugins for Editor in 0.00 ms.
Mono: successfully reloaded assembly
- Completed reload, in  0.952 seconds
Platform modules already initialized, skipping
Refreshing native plugins compatible for Editor in 0.58 ms, found 2 plugins.
Preloading 0 native plugins for Editor in 0.00 ms.
Unloading 3390 Unused Serialized files (Serialized files now loaded: 0)
System memory in use before: 136.8 MB.
System memory in use after: 136.3 MB.

Unloading 32 unused Assets to reduce memory usage. Loaded Objects now: 4035.
Total: 2.950800 ms (FindLiveObjects: 0.316300 ms CreateObjectMapping: 0.259200 ms MarkObjects: 2.069200 ms  DeleteObjects: 0.305400 ms)

========================================================================
Received Prepare
Registering precompiled user dll's ...
Registered in 0.004102 seconds.
Begin MonoManager ReloadAssembly
Native extension for WindowsStandalone target not found
Refreshing native plugins compatible for Editor in 0.56 ms, found 2 plugins.
Preloading 0 native plugins for Editor in 0.00 ms.
Mono: successfully reloaded assembly
- Completed reload, in  0.919 seconds
Platform modules already initialized, skipping
Refreshing native plugins compatible for Editor in 0.70 ms, found 2 plugins.
Preloading 0 native plugins for Editor in 0.00 ms.
Unloading 3390 Unused Serialized files (Serialized files now loaded: 0)
System memory in use before: 136.8 MB.
System memory in use after: 136.3 MB.

Unloading 32 unused Assets to reduce memory usage. Loaded Objects now: 4039.
Total: 3.094600 ms (FindLiveObjects: 0.345500 ms CreateObjectMapping: 0.306200 ms MarkObjects: 2.128900 ms  DeleteObjects: 0.312900 ms)

========================================================================
Received Prepare
Registering precompiled user dll's ...
Registered in 0.003987 seconds.
Begin MonoManager ReloadAssembly
Native extension for WindowsStandalone target not found
Refreshing native plugins compatible for Editor in 0.71 ms, found 2 plugins.
Preloading 0 native plugins for Editor in 0.00 ms.
Mono: successfully reloaded assembly
- Completed reload, in  0.965 seconds
Platform modules already initialized, skipping
Refreshing native plugins compatible for Editor in 0.59 ms, found 2 plugins.
Preloading 0 native plugins for Editor in 0.00 ms.
Unloading 3390 Unused Serialized files (Serialized files now loaded: 0)
System memory in use before: 136.8 MB.
System memory in use after: 136.3 MB.

Unloading 32 unused Assets to reduce memory usage. Loaded Objects now: 4043.
Total: 2.858100 ms (FindLiveObjects: 0.305600 ms CreateObjectMapping: 0.253800 ms MarkObjects: 2.007700 ms  DeleteObjects: 0.290200 ms)

========================================================================
Received Prepare
Registering precompiled user dll's ...
Registered in 0.004424 seconds.
Begin MonoManager ReloadAssembly
Native extension for WindowsStandalone target not found
Refreshing native plugins compatible for Editor in 0.58 ms, found 2 plugins.
Preloading 0 native plugins for Editor in 0.00 ms.
Mono: successfully reloaded assembly
- Completed reload, in  0.959 seconds
Platform modules already initialized, skipping
Refreshing native plugins compatible for Editor in 0.79 ms, found 2 plugins.
Preloading 0 native plugins for Editor in 0.00 ms.
Unloading 3390 Unused Serialized files (Serialized files now loaded: 0)
System memory in use before: 136.8 MB.
System memory in use after: 136.3 MB.

Unloading 32 unused Assets to reduce memory usage. Loaded Objects now: 4047.
Total: 3.043800 ms (FindLiveObjects: 0.348800 ms CreateObjectMapping: 0.307300 ms MarkObjects: 2.094600 ms  DeleteObjects: 0.292400 ms)

========================================================================
Received Prepare
Registering precompiled user dll's ...
Registered in 0.005169 seconds.
Begin MonoManager ReloadAssembly
Native extension for WindowsStandalone target not found
Refreshing native plugins compatible for Editor in 0.60 ms, found 2 plugins.
Preloading 0 native plugins for Editor in 0.00 ms.
Mono: successfully reloaded assembly
- Completed reload, in  0.993 seconds
Platform modules already initialized, skipping
Refreshing native plugins compatible for Editor in 0.57 ms, found 2 plugins.
Preloading 0 native plugins for Editor in 0.00 ms.
Unloading 3390 Unused Serialized files (Serialized files now loaded: 0)
System memory in use before: 136.8 MB.
System memory in use after: 136.3 MB.

Unloading 32 unused Assets to reduce memory usage. Loaded Objects now: 4051.
Total: 2.928600 ms (FindLiveObjects: 0.325400 ms CreateObjectMapping: 0.262800 ms MarkObjects: 2.041200 ms  DeleteObjects: 0.298500 ms)

========================================================================
Received Prepare
Registering precompiled user dll's ...
Registered in 0.005245 seconds.
Begin MonoManager ReloadAssembly
Native extension for WindowsStandalone target not found
Refreshing native plugins compatible for Editor in 0.55 ms, found 2 plugins.
Preloading 0 native plugins for Editor in 0.00 ms.
Mono: successfully reloaded assembly
- Completed reload, in  0.981 seconds
Platform modules already initialized, skipping
Refreshing native plugins compatible for Editor in 0.77 ms, found 2 plugins.
Preloading 0 native plugins for Editor in 0.00 ms.
Unloading 3390 Unused Serialized files (Serialized files now loaded: 0)
System memory in use before: 136.8 MB.
System memory in use after: 136.3 MB.

Unloading 32 unused Assets to reduce memory usage. Loaded Objects now: 4055.
Total: 3.343600 ms (FindLiveObjects: 0.416100 ms CreateObjectMapping: 0.369600 ms MarkObjects: 2.248600 ms  DeleteObjects: 0.308400 ms)

========================================================================
Received Prepare
Registering precompiled user dll's ...
Registered in 0.004883 seconds.
Begin MonoManager ReloadAssembly
Native extension for WindowsStandalone target not found
Refreshing native plugins compatible for Editor in 0.58 ms, found 2 plugins.
Preloading 0 native plugins for Editor in 0.00 ms.
Mono: successfully reloaded assembly
- Completed reload, in  0.931 seconds
Platform modules already initialized, skipping
Refreshing native plugins compatible for Editor in 0.57 ms, found 2 plugins.
Preloading 0 native plugins for Editor in 0.00 ms.
Unloading 3390 Unused Serialized files (Serialized files now loaded: 0)
System memory in use before: 136.8 MB.
System memory in use after: 136.3 MB.

Unloading 32 unused Assets to reduce memory usage. Loaded Objects now: 4059.
Total: 2.817700 ms (FindLiveObjects: 0.291900 ms CreateObjectMapping: 0.247100 ms MarkObjects: 1.986900 ms  DeleteObjects: 0.290800 ms)

========================================================================
Received Prepare
Registering precompiled user dll's ...
Registered in 0.004865 seconds.
Begin MonoManager ReloadAssembly
Native extension for WindowsStandalone target not found
Refreshing native plugins compatible for Editor in 0.60 ms, found 2 plugins.
Preloading 0 native plugins for Editor in 0.00 ms.
Mono: successfully reloaded assembly
- Completed reload, in  0.916 seconds
Platform modules already initialized, skipping
Refreshing native plugins compatible for Editor in 0.58 ms, found 2 plugins.
Preloading 0 native plugins for Editor in 0.00 ms.
Unloading 3390 Unused Serialized files (Serialized files now loaded: 0)
System memory in use before: 136.9 MB.
System memory in use after: 136.3 MB.

Unloading 32 unused Assets to reduce memory usage. Loaded Objects now: 4063.
Total: 2.486100 ms (FindLiveObjects: 0.245200 ms CreateObjectMapping: 0.127800 ms MarkObjects: 1.821700 ms  DeleteObjects: 0.290700 ms)

========================================================================
Received Prepare
Registering precompiled user dll's ...
Registered in 0.003802 seconds.
Begin MonoManager ReloadAssembly
Native extension for WindowsStandalone target not found
Refreshing native plugins compatible for Editor in 0.59 ms, found 2 plugins.
Preloading 0 native plugins for Editor in 0.00 ms.
Mono: successfully reloaded assembly
- Completed reload, in  0.947 seconds
Platform modules already initialized, skipping
Refreshing native plugins compatible for Editor in 0.69 ms, found 2 plugins.
Preloading 0 native plugins for Editor in 0.00 ms.
Unloading 3390 Unused Serialized files (Serialized files now loaded: 0)
System memory in use before: 136.9 MB.
System memory in use after: 136.3 MB.

Unloading 32 unused Assets to reduce memory usage. Loaded Objects now: 4067.
Total: 3.146600 ms (FindLiveObjects: 0.327800 ms CreateObjectMapping: 0.283900 ms MarkObjects: 2.219400 ms  DeleteObjects: 0.314600 ms)

========================================================================
Received Prepare
Registering precompiled user dll's ...
Registered in 0.004195 seconds.
Begin MonoManager ReloadAssembly
Native extension for WindowsStandalone target not found
Refreshing native plugins compatible for Editor in 0.58 ms, found 2 plugins.
Preloading 0 native plugins for Editor in 0.00 ms.
Mono: successfully reloaded assembly
- Completed reload, in  0.932 seconds
Platform modules already initialized, skipping
Refreshing native plugins compatible for Editor in 0.57 ms, found 2 plugins.
Preloading 0 native plugins for Editor in 0.00 ms.
Unloading 3390 Unused Serialized files (Serialized files now loaded: 0)
System memory in use before: 136.9 MB.
System memory in use after: 136.3 MB.

Unloading 32 unused Assets to reduce memory usage. Loaded Objects now: 4071.
Total: 2.857900 ms (FindLiveObjects: 0.304000 ms CreateObjectMapping: 0.262100 ms MarkObjects: 2.000800 ms  DeleteObjects: 0.290400 ms)

========================================================================
Received Prepare
Registering precompiled user dll's ...
Registered in 0.005649 seconds.
Begin MonoManager ReloadAssembly
Native extension for WindowsStandalone target not found
Refreshing native plugins compatible for Editor in 0.59 ms, found 2 plugins.
Preloading 0 native plugins for Editor in 0.00 ms.
Mono: successfully reloaded assembly
- Completed reload, in  0.954 seconds
Platform modules already initialized, skipping
Refreshing native plugins compatible for Editor in 0.58 ms, found 2 plugins.
Preloading 0 native plugins for Editor in 0.00 ms.
Unloading 3390 Unused Serialized files (Serialized files now loaded: 0)
System memory in use before: 136.9 MB.
System memory in use after: 136.3 MB.

Unloading 32 unused Assets to reduce memory usage. Loaded Objects now: 4075.
Total: 2.809700 ms (FindLiveObjects: 0.294100 ms CreateObjectMapping: 0.246600 ms MarkObjects: 1.970100 ms  DeleteObjects: 0.298300 ms)

========================================================================
Received Prepare
Registering precompiled user dll's ...
Registered in 0.003939 seconds.
Begin MonoManager ReloadAssembly
Native extension for WindowsStandalone target not found
Refreshing native plugins compatible for Editor in 0.61 ms, found 2 plugins.
Preloading 0 native plugins for Editor in 0.00 ms.
Mono: successfully reloaded assembly
- Completed reload, in  0.951 seconds
Platform modules already initialized, skipping
Refreshing native plugins compatible for Editor in 0.60 ms, found 2 plugins.
Preloading 0 native plugins for Editor in 0.00 ms.
Unloading 3390 Unused Serialized files (Serialized files now loaded: 0)
System memory in use before: 136.9 MB.
System memory in use after: 136.3 MB.

Unloading 32 unused Assets to reduce memory usage. Loaded Objects now: 4079.
Total: 3.651500 ms (FindLiveObjects: 0.768900 ms CreateObjectMapping: 0.314400 ms MarkObjects: 2.250700 ms  DeleteObjects: 0.316300 ms)

========================================================================
Received Prepare
Registering precompiled user dll's ...
Registered in 0.004161 seconds.
Begin MonoManager ReloadAssembly
Native extension for WindowsStandalone target not found
Refreshing native plugins compatible for Editor in 0.58 ms, found 2 plugins.
Preloading 0 native plugins for Editor in 0.00 ms.
Mono: successfully reloaded assembly
- Completed reload, in  0.971 seconds
Platform modules already initialized, skipping
Refreshing native plugins compatible for Editor in 0.58 ms, found 2 plugins.
Preloading 0 native plugins for Editor in 0.00 ms.
Unloading 3390 Unused Serialized files (Serialized files now loaded: 0)
System memory in use before: 136.9 MB.
System memory in use after: 136.4 MB.

Unloading 32 unused Assets to reduce memory usage. Loaded Objects now: 4083.
Total: 3.045700 ms (FindLiveObjects: 0.320400 ms CreateObjectMapping: 0.274000 ms MarkObjects: 2.127100 ms  DeleteObjects: 0.323400 ms)

========================================================================
Received Prepare
Registering precompiled user dll's ...
Registered in 0.004794 seconds.
Begin MonoManager ReloadAssembly
Native extension for WindowsStandalone target not found
Refreshing native plugins compatible for Editor in 0.58 ms, found 2 plugins.
Preloading 0 native plugins for Editor in 0.00 ms.
Mono: successfully reloaded assembly
- Completed reload, in  0.927 seconds
Platform modules already initialized, skipping
Refreshing native plugins compatible for Editor in 0.57 ms, found 2 plugins.
Preloading 0 native plugins for Editor in 0.00 ms.
Unloading 3390 Unused Serialized files (Serialized files now loaded: 0)
System memory in use before: 137.0 MB.
System memory in use after: 136.4 MB.

Unloading 32 unused Assets to reduce memory usage. Loaded Objects now: 4087.
Total: 3.094600 ms (FindLiveObjects: 0.332700 ms CreateObjectMapping: 0.289800 ms MarkObjects: 2.170500 ms  DeleteObjects: 0.300800 ms)

========================================================================
Received Prepare
Registering precompiled user dll's ...
Registered in 0.004858 seconds.
Begin MonoManager ReloadAssembly
Native extension for WindowsStandalone target not found
Refreshing native plugins compatible for Editor in 0.58 ms, found 2 plugins.
Preloading 0 native plugins for Editor in 0.00 ms.
Mono: successfully reloaded assembly
- Completed reload, in  1.085 seconds
Platform modules already initialized, skipping
Refreshing native plugins compatible for Editor in 0.71 ms, found 2 plugins.
Preloading 0 native plugins for Editor in 0.00 ms.
Unloading 3390 Unused Serialized files (Serialized files now loaded: 0)
System memory in use before: 137.0 MB.
System memory in use after: 136.4 MB.

Unloading 32 unused Assets to reduce memory usage. Loaded Objects now: 4091.
Total: 3.306400 ms (FindLiveObjects: 0.386000 ms CreateObjectMapping: 0.310500 ms MarkObjects: 2.234400 ms  DeleteObjects: 0.374100 ms)

========================================================================
Received Prepare
Registering precompiled user dll's ...
Registered in 0.005030 seconds.
Begin MonoManager ReloadAssembly
Native extension for WindowsStandalone target not found
Refreshing native plugins compatible for Editor in 0.57 ms, found 2 plugins.
Preloading 0 native plugins for Editor in 0.00 ms.
Mono: successfully reloaded assembly
- Completed reload, in  1.022 seconds
Platform modules already initialized, skipping
Refreshing native plugins compatible for Editor in 0.57 ms, found 2 plugins.
Preloading 0 native plugins for Editor in 0.00 ms.
Unloading 3390 Unused Serialized files (Serialized files now loaded: 0)
System memory in use before: 137.0 MB.
System memory in use after: 136.4 MB.

Unloading 32 unused Assets to reduce memory usage. Loaded Objects now: 4095.
Total: 3.157400 ms (FindLiveObjects: 0.350900 ms CreateObjectMapping: 0.329000 ms MarkObjects: 2.170100 ms  DeleteObjects: 0.306200 ms)

========================================================================
Received Prepare
Registering precompiled user dll's ...
Registered in 0.004667 seconds.
Begin MonoManager ReloadAssembly
Native extension for WindowsStandalone target not found
Refreshing native plugins compatible for Editor in 0.59 ms, found 2 plugins.
Preloading 0 native plugins for Editor in 0.00 ms.
Mono: successfully reloaded assembly
- Completed reload, in  1.016 seconds
Platform modules already initialized, skipping
Refreshing native plugins compatible for Editor in 0.62 ms, found 2 plugins.
Preloading 0 native plugins for Editor in 0.00 ms.
Unloading 3390 Unused Serialized files (Serialized files now loaded: 0)
System memory in use before: 137.0 MB.
System memory in use after: 136.5 MB.

Unloading 32 unused Assets to reduce memory usage. Loaded Objects now: 4099.
Total: 2.885400 ms (FindLiveObjects: 0.324500 ms CreateObjectMapping: 0.256900 ms MarkObjects: 1.996100 ms  DeleteObjects: 0.307100 ms)

========================================================================
Received Prepare
Registering precompiled user dll's ...
Registered in 0.004226 seconds.
Begin MonoManager ReloadAssembly
Native extension for WindowsStandalone target not found
Refreshing native plugins compatible for Editor in 0.58 ms, found 2 plugins.
Preloading 0 native plugins for Editor in 0.00 ms.
Mono: successfully reloaded assembly
- Completed reload, in  0.941 seconds
Platform modules already initialized, skipping
Refreshing native plugins compatible for Editor in 0.57 ms, found 2 plugins.
Preloading 0 native plugins for Editor in 0.00 ms.
Unloading 3390 Unused Serialized files (Serialized files now loaded: 0)
System memory in use before: 137.0 MB.
System memory in use after: 136.5 MB.

Unloading 32 unused Assets to reduce memory usage. Loaded Objects now: 4103.
Total: 2.867200 ms (FindLiveObjects: 0.308900 ms CreateObjectMapping: 0.255500 ms MarkObjects: 2.015500 ms  DeleteObjects: 0.286400 ms)

========================================================================
Received Prepare
Registering precompiled user dll's ...
Registered in 0.003877 seconds.
Begin MonoManager ReloadAssembly
Native extension for WindowsStandalone target not found
Refreshing native plugins compatible for Editor in 0.58 ms, found 2 plugins.
Preloading 0 native plugins for Editor in 0.00 ms.
Mono: successfully reloaded assembly
- Completed reload, in  0.895 seconds
Platform modules already initialized, skipping
Refreshing native plugins compatible for Editor in 0.56 ms, found 2 plugins.
Preloading 0 native plugins for Editor in 0.00 ms.
Unloading 3390 Unused Serialized files (Serialized files now loaded: 0)
System memory in use before: 137.0 MB.
System memory in use after: 136.5 MB.

Unloading 32 unused Assets to reduce memory usage. Loaded Objects now: 4107.
Total: 2.331600 ms (FindLiveObjects: 0.236300 ms CreateObjectMapping: 0.127800 ms MarkObjects: 1.686300 ms  DeleteObjects: 0.280700 ms)

========================================================================
Received Prepare
Registering precompiled user dll's ...
Registered in 0.004465 seconds.
Begin MonoManager ReloadAssembly
Native extension for WindowsStandalone target not found
Refreshing native plugins compatible for Editor in 0.60 ms, found 2 plugins.
Preloading 0 native plugins for Editor in 0.00 ms.
Mono: successfully reloaded assembly
- Completed reload, in  0.943 seconds
Platform modules already initialized, skipping
Refreshing native plugins compatible for Editor in 0.59 ms, found 2 plugins.
Preloading 0 native plugins for Editor in 0.00 ms.
Unloading 3390 Unused Serialized files (Serialized files now loaded: 0)
System memory in use before: 137.0 MB.
System memory in use after: 136.5 MB.

Unloading 32 unused Assets to reduce memory usage. Loaded Objects now: 4111.
Total: 3.000300 ms (FindLiveObjects: 0.321300 ms CreateObjectMapping: 0.260300 ms MarkObjects: 2.082000 ms  DeleteObjects: 0.336000 ms)

========================================================================
Received Prepare
Registering precompiled user dll's ...
Registered in 0.005146 seconds.
Begin MonoManager ReloadAssembly
Native extension for WindowsStandalone target not found
Refreshing native plugins compatible for Editor in 0.57 ms, found 2 plugins.
Preloading 0 native plugins for Editor in 0.00 ms.
Mono: successfully reloaded assembly
- Completed reload, in  0.934 seconds
Platform modules already initialized, skipping
Refreshing native plugins compatible for Editor in 0.58 ms, found 2 plugins.
Preloading 0 native plugins for Editor in 0.00 ms.
Unloading 3390 Unused Serialized files (Serialized files now loaded: 0)
System memory in use before: 137.0 MB.
System memory in use after: 136.5 MB.

Unloading 32 unused Assets to reduce memory usage. Loaded Objects now: 4115.
Total: 2.358000 ms (FindLiveObjects: 0.234300 ms CreateObjectMapping: 0.143500 ms MarkObjects: 1.692800 ms  DeleteObjects: 0.286600 ms)

========================================================================
Received Prepare
Registering precompiled user dll's ...
Registered in 0.004264 seconds.
Begin MonoManager ReloadAssembly
Native extension for WindowsStandalone target not found
Refreshing native plugins compatible for Editor in 0.60 ms, found 2 plugins.
Preloading 0 native plugins for Editor in 0.00 ms.
Mono: successfully reloaded assembly
- Completed reload, in  0.957 seconds
Platform modules already initialized, skipping
Refreshing native plugins compatible for Editor in 0.67 ms, found 2 plugins.
Preloading 0 native plugins for Editor in 0.00 ms.
Unloading 3390 Unused Serialized files (Serialized files now loaded: 0)
System memory in use before: 137.0 MB.
System memory in use after: 136.5 MB.

Unloading 32 unused Assets to reduce memory usage. Loaded Objects now: 4119.
Total: 2.937400 ms (FindLiveObjects: 0.375900 ms CreateObjectMapping: 0.322200 ms MarkObjects: 1.925700 ms  DeleteObjects: 0.312500 ms)

========================================================================
Received Prepare
Registering precompiled user dll's ...
Registered in 0.003800 seconds.
Begin MonoManager ReloadAssembly
Native extension for WindowsStandalone target not found
Refreshing native plugins compatible for Editor in 0.63 ms, found 2 plugins.
Preloading 0 native plugins for Editor in 0.00 ms.
Mono: successfully reloaded assembly
- Completed reload, in  0.915 seconds
Platform modules already initialized, skipping
Refreshing native plugins compatible for Editor in 0.58 ms, found 2 plugins.
Preloading 0 native plugins for Editor in 0.00 ms.
Unloading 3390 Unused Serialized files (Serialized files now loaded: 0)
System memory in use before: 137.0 MB.
System memory in use after: 136.5 MB.

Unloading 32 unused Assets to reduce memory usage. Loaded Objects now: 4123.
Total: 2.386200 ms (FindLiveObjects: 0.236600 ms CreateObjectMapping: 0.128200 ms MarkObjects: 1.740700 ms  DeleteObjects: 0.279900 ms)

========================================================================
Received Prepare
Registering precompiled user dll's ...
Registered in 0.003819 seconds.
Begin MonoManager ReloadAssembly
Native extension for WindowsStandalone target not found
Refreshing native plugins compatible for Editor in 0.57 ms, found 2 plugins.
Preloading 0 native plugins for Editor in 0.00 ms.
Mono: successfully reloaded assembly
- Completed reload, in  0.938 seconds
Platform modules already initialized, skipping
Refreshing native plugins compatible for Editor in 0.56 ms, found 2 plugins.
Preloading 0 native plugins for Editor in 0.00 ms.
Unloading 3390 Unused Serialized files (Serialized files now loaded: 0)
System memory in use before: 137.1 MB.
System memory in use after: 136.5 MB.

Unloading 32 unused Assets to reduce memory usage. Loaded Objects now: 4127.
Total: 2.637600 ms (FindLiveObjects: 0.346800 ms CreateObjectMapping: 0.136900 ms MarkObjects: 1.866800 ms  DeleteObjects: 0.286100 ms)

========================================================================
Received Prepare
Registering precompiled user dll's ...
Registered in 0.004246 seconds.
Begin MonoManager ReloadAssembly
Native extension for WindowsStandalone target not found
Refreshing native plugins compatible for Editor in 0.62 ms, found 2 plugins.
Preloading 0 native plugins for Editor in 0.00 ms.
Mono: successfully reloaded assembly
- Completed reload, in  0.956 seconds
Platform modules already initialized, skipping
Refreshing native plugins compatible for Editor in 0.57 ms, found 2 plugins.
Preloading 0 native plugins for Editor in 0.00 ms.
Unloading 3390 Unused Serialized files (Serialized files now loaded: 0)
System memory in use before: 137.1 MB.
System memory in use after: 136.5 MB.

Unloading 32 unused Assets to reduce memory usage. Loaded Objects now: 4131.
Total: 2.376300 ms (FindLiveObjects: 0.245400 ms CreateObjectMapping: 0.128800 ms MarkObjects: 1.708600 ms  DeleteObjects: 0.292600 ms)

========================================================================
Received Prepare
Registering precompiled user dll's ...
Registered in 0.003795 seconds.
Begin MonoManager ReloadAssembly
Native extension for WindowsStandalone target not found
Refreshing native plugins compatible for Editor in 0.56 ms, found 2 plugins.
Preloading 0 native plugins for Editor in 0.00 ms.
Mono: successfully reloaded assembly
- Completed reload, in  0.943 seconds
Platform modules already initialized, skipping
Refreshing native plugins compatible for Editor in 0.98 ms, found 2 plugins.
Preloading 0 native plugins for Editor in 0.00 ms.
Unloading 3390 Unused Serialized files (Serialized files now loaded: 0)
System memory in use before: 137.1 MB.
System memory in use after: 136.5 MB.

Unloading 32 unused Assets to reduce memory usage. Loaded Objects now: 4135.
Total: 3.028200 ms (FindLiveObjects: 0.348600 ms CreateObjectMapping: 0.277600 ms MarkObjects: 2.094700 ms  DeleteObjects: 0.306400 ms)

========================================================================
Received Prepare
Registering precompiled user dll's ...
Registered in 0.003911 seconds.
Begin MonoManager ReloadAssembly
Native extension for WindowsStandalone target not found
Refreshing native plugins compatible for Editor in 0.88 ms, found 2 plugins.
Preloading 0 native plugins for Editor in 0.00 ms.
Mono: successfully reloaded assembly
- Completed reload, in  0.959 seconds
Platform modules already initialized, skipping
Refreshing native plugins compatible for Editor in 0.67 ms, found 2 plugins.
Preloading 0 native plugins for Editor in 0.00 ms.
Unloading 3390 Unused Serialized files (Serialized files now loaded: 0)
System memory in use before: 137.1 MB.
System memory in use after: 136.5 MB.

Unloading 32 unused Assets to reduce memory usage. Loaded Objects now: 4139.
Total: 2.993300 ms (FindLiveObjects: 0.352000 ms CreateObjectMapping: 0.271300 ms MarkObjects: 2.060400 ms  DeleteObjects: 0.308500 ms)

========================================================================
Received Prepare
Registering precompiled user dll's ...
Registered in 0.005544 seconds.
Begin MonoManager ReloadAssembly
Native extension for WindowsStandalone target not found
Refreshing native plugins compatible for Editor in 0.59 ms, found 2 plugins.
Preloading 0 native plugins for Editor in 0.00 ms.
Mono: successfully reloaded assembly
- Completed reload, in  0.967 seconds
Platform modules already initialized, skipping
Refreshing native plugins compatible for Editor in 0.58 ms, found 2 plugins.
Preloading 0 native plugins for Editor in 0.00 ms.
Unloading 3390 Unused Serialized files (Serialized files now loaded: 0)
System memory in use before: 137.1 MB.
System memory in use after: 136.5 MB.

Unloading 32 unused Assets to reduce memory usage. Loaded Objects now: 4143.
Total: 3.071800 ms (FindLiveObjects: 0.373700 ms CreateObjectMapping: 0.287000 ms MarkObjects: 2.111900 ms  DeleteObjects: 0.298200 ms)

========================================================================
Received Prepare
Registering precompiled user dll's ...
Registered in 0.003832 seconds.
Begin MonoManager ReloadAssembly
Native extension for WindowsStandalone target not found
Refreshing native plugins compatible for Editor in 0.55 ms, found 2 plugins.
Preloading 0 native plugins for Editor in 0.00 ms.
Mono: successfully reloaded assembly
- Completed reload, in  0.960 seconds
Platform modules already initialized, skipping
Refreshing native plugins compatible for Editor in 0.66 ms, found 2 plugins.
Preloading 0 native plugins for Editor in 0.00 ms.
Unloading 3390 Unused Serialized files (Serialized files now loaded: 0)
System memory in use before: 137.1 MB.
System memory in use after: 136.6 MB.

Unloading 32 unused Assets to reduce memory usage. Loaded Objects now: 4147.
Total: 3.146500 ms (FindLiveObjects: 0.371500 ms CreateObjectMapping: 0.296000 ms MarkObjects: 2.170600 ms  DeleteObjects: 0.307100 ms)

========================================================================
Received Prepare
Registering precompiled user dll's ...
Registered in 0.003791 seconds.
Begin MonoManager ReloadAssembly
Native extension for WindowsStandalone target not found
Refreshing native plugins compatible for Editor in 0.61 ms, found 2 plugins.
Preloading 0 native plugins for Editor in 0.00 ms.
Mono: successfully reloaded assembly
- Completed reload, in  0.974 seconds
Platform modules already initialized, skipping
Refreshing native plugins compatible for Editor in 0.75 ms, found 2 plugins.
Preloading 0 native plugins for Editor in 0.00 ms.
Unloading 3390 Unused Serialized files (Serialized files now loaded: 0)
System memory in use before: 137.1 MB.
System memory in use after: 136.6 MB.

Unloading 32 unused Assets to reduce memory usage. Loaded Objects now: 4151.
Total: 2.957600 ms (FindLiveObjects: 0.334400 ms CreateObjectMapping: 0.266400 ms MarkObjects: 2.049900 ms  DeleteObjects: 0.305700 ms)

========================================================================
Received Prepare
Registering precompiled user dll's ...
Registered in 0.004151 seconds.
Begin MonoManager ReloadAssembly
Native extension for WindowsStandalone target not found
Refreshing native plugins compatible for Editor in 0.59 ms, found 2 plugins.
Preloading 0 native plugins for Editor in 0.00 ms.
Mono: successfully reloaded assembly
- Completed reload, in  1.048 seconds
Platform modules already initialized, skipping
Refreshing native plugins compatible for Editor in 0.62 ms, found 2 plugins.
Preloading 0 native plugins for Editor in 0.00 ms.
Unloading 3390 Unused Serialized files (Serialized files now loaded: 0)
System memory in use before: 137.1 MB.
System memory in use after: 136.6 MB.

Unloading 32 unused Assets to reduce memory usage. Loaded Objects now: 4155.
Total: 3.194500 ms (FindLiveObjects: 0.380800 ms CreateObjectMapping: 0.256600 ms MarkObjects: 2.263100 ms  DeleteObjects: 0.293100 ms)

========================================================================
Received Prepare
Registering precompiled user dll's ...
Registered in 0.003927 seconds.
Begin MonoManager ReloadAssembly
Native extension for WindowsStandalone target not found
Refreshing native plugins compatible for Editor in 0.59 ms, found 2 plugins.
Preloading 0 native plugins for Editor in 0.00 ms.
Mono: successfully reloaded assembly
- Completed reload, in  0.953 seconds
Platform modules already initialized, skipping
Refreshing native plugins compatible for Editor in 0.66 ms, found 2 plugins.
Preloading 0 native plugins for Editor in 0.00 ms.
Unloading 3390 Unused Serialized files (Serialized files now loaded: 0)
System memory in use before: 137.1 MB.
System memory in use after: 136.6 MB.

Unloading 32 unused Assets to reduce memory usage. Loaded Objects now: 4159.
Total: 2.977100 ms (FindLiveObjects: 0.341500 ms CreateObjectMapping: 0.272300 ms MarkObjects: 2.068300 ms  DeleteObjects: 0.294300 ms)

========================================================================
Received Prepare
Registering precompiled user dll's ...
Registered in 0.005094 seconds.
Begin MonoManager ReloadAssembly
Native extension for WindowsStandalone target not found
Refreshing native plugins compatible for Editor in 0.58 ms, found 2 plugins.
Preloading 0 native plugins for Editor in 0.00 ms.
Mono: successfully reloaded assembly
- Completed reload, in  0.957 seconds
Platform modules already initialized, skipping
Refreshing native plugins compatible for Editor in 0.57 ms, found 2 plugins.
Preloading 0 native plugins for Editor in 0.00 ms.
Unloading 3390 Unused Serialized files (Serialized files now loaded: 0)
System memory in use before: 137.1 MB.
System memory in use after: 136.6 MB.

Unloading 32 unused Assets to reduce memory usage. Loaded Objects now: 4163.
Total: 2.953500 ms (FindLiveObjects: 0.336900 ms CreateObjectMapping: 0.265200 ms MarkObjects: 2.040200 ms  DeleteObjects: 0.310500 ms)

========================================================================
Received Prepare
Registering precompiled user dll's ...
Registered in 0.004072 seconds.
Begin MonoManager ReloadAssembly
Native extension for WindowsStandalone target not found
Refreshing native plugins compatible for Editor in 0.57 ms, found 2 plugins.
Preloading 0 native plugins for Editor in 0.00 ms.
Mono: successfully reloaded assembly
- Completed reload, in  0.938 seconds
Platform modules already initialized, skipping
Refreshing native plugins compatible for Editor in 0.58 ms, found 2 plugins.
Preloading 0 native plugins for Editor in 0.00 ms.
Unloading 3390 Unused Serialized files (Serialized files now loaded: 0)
System memory in use before: 137.1 MB.
System memory in use after: 136.6 MB.

Unloading 32 unused Assets to reduce memory usage. Loaded Objects now: 4167.
Total: 3.524400 ms (FindLiveObjects: 0.630100 ms CreateObjectMapping: 0.271000 ms MarkObjects: 2.331800 ms  DeleteObjects: 0.290600 ms)

========================================================================
Received Prepare
Registering precompiled user dll's ...
Registered in 0.003996 seconds.
Begin MonoManager ReloadAssembly
Native extension for WindowsStandalone target not found
Refreshing native plugins compatible for Editor in 0.59 ms, found 2 plugins.
Preloading 0 native plugins for Editor in 0.00 ms.
Mono: successfully reloaded assembly
- Completed reload, in  0.923 seconds
Platform modules already initialized, skipping
Refreshing native plugins compatible for Editor in 0.57 ms, found 2 plugins.
Preloading 0 native plugins for Editor in 0.00 ms.
Unloading 3390 Unused Serialized files (Serialized files now loaded: 0)
System memory in use before: 137.1 MB.
System memory in use after: 136.6 MB.

Unloading 32 unused Assets to reduce memory usage. Loaded Objects now: 4171.
Total: 2.963600 ms (FindLiveObjects: 0.316800 ms CreateObjectMapping: 0.261900 ms MarkObjects: 2.093400 ms  DeleteObjects: 0.290800 ms)

AssetImportWorkerClient::OnTransportError - code=2 error=End of file
